<?xml version="1.0" encoding="UTF-8"?>
<!-- Generated by org.testng.reporters.JUnitReportReporter -->
<testsuite hostname="DESKTOP-83QCFHP" failures="0" tests="2" name="com.crm.amdocs.Customer" time="0.015" errors="0" timestamp="01 Jan 2022 17:08:13 GMT" skipped="0">
  <testcase classname="com.crm.amdocs.Customer" name="createCustomer" time="0.013"/>
  <testcase classname="com.crm.amdocs.Customer" name="delteCustomer" time="0.002"/>
</testsuite> <!-- com.crm.amdocs.Customer -->
